-- The CXX compiler identification is GNU 13.2.0
-- Detecting CXX compiler ABI info
-- Detecting CXX compiler ABI info - done
-- Check for working CXX compiler: /usr/bin/c++ - skipped
-- Detecting CXX compile features
-- Detecting CXX compile features - done
-- Found ament_cmake: 2.5.2 (/opt/ros/jazzy/share/ament_cmake/cmake)
-- Found Python3: /usr/bin/python3 (found version "3.12.3") found components: Interpreter 
-- Found hardware_interface: 4.18.0 (/opt/ros/jazzy/share/hardware_interface/cmake)
-- Found rosidl_generator_c: 4.6.4 (/opt/ros/jazzy/share/rosidl_generator_c/cmake)
-- Found rosidl_generator_cpp: 4.6.4 (/opt/ros/jazzy/share/rosidl_generator_cpp/cmake)
-- Using all available rosidl_typesupport_c: rosidl_typesupport_fastrtps_c;rosidl_typesupport_introspection_c
-- Using all available rosidl_typesupport_cpp: rosidl_typesupport_fastrtps_cpp;rosidl_typesupport_introspection_cpp
-- Found TinyXML2 via Config file: /usr/lib/aarch64-linux-gnu/cmake/tinyxml2
-- Found rmw_implementation_cmake: 7.3.1 (/opt/ros/jazzy/share/rmw_implementation_cmake/cmake)
-- Found rmw_fastrtps_cpp: 8.4.1 (/opt/ros/jazzy/share/rmw_fastrtps_cpp/cmake)
-- Found TinyXML2 via Config file: /usr/lib/aarch64-linux-gnu/cmake/tinyxml2
-- Found OpenSSL: /usr/lib/aarch64-linux-gnu/libcrypto.so (found version "3.0.13")  
-- Found TinyXML2 via Config file: /usr/lib/aarch64-linux-gnu/cmake/tinyxml2
-- Found FastRTPS: /opt/ros/jazzy/include (Required is at least version "2.13") 
-- Found TinyXML2 via Config file: /usr/lib/aarch64-linux-gnu/cmake/tinyxml2
-- Found TinyXML2 via Config file: /usr/lib/aarch64-linux-gnu/cmake/tinyxml2
-- Using RMW implementation 'rmw_fastrtps_cpp' as default
-- Found ament_cmake_gtest: 2.5.2 (/opt/ros/jazzy/share/ament_cmake_gtest/cmake)
-- Configuring done (6.0s)
-- Generating done (0.0s)
-- Build files have been written to: /home/rhody/box_bot/src/dfrobot_dc_motor_hardware/build/dfrobot_dc_motor_hardware
[ 33%] [32m[1mLinking CXX shared library libdfrobot_dc_motor_hardware.so[0m
[100%] Built target dfrobot_dc_motor_hardware
-- Install configuration: ""
-- Installing: /home/rhody/box_bot/src/dfrobot_dc_motor_hardware/install/dfrobot_dc_motor_hardware/share/dfrobot_dc_motor_hardware/dfrobot_dc_motor_hardware.xml
-- Installing: /home/rhody/box_bot/src/dfrobot_dc_motor_hardware/install/dfrobot_dc_motor_hardware/include/dfrobot_dc_motor_hardware
-- Installing: /home/rhody/box_bot/src/dfrobot_dc_motor_hardware/install/dfrobot_dc_motor_hardware/include/dfrobot_dc_motor_hardware/dfrobot_dc_motor_hardware
-- Installing: /home/rhody/box_bot/src/dfrobot_dc_motor_hardware/install/dfrobot_dc_motor_hardware/include/dfrobot_dc_motor_hardware/dfrobot_dc_motor_hardware/visibility_control.h
-- Installing: /home/rhody/box_bot/src/dfrobot_dc_motor_hardware/install/dfrobot_dc_motor_hardware/include/dfrobot_dc_motor_hardware/dfrobot_dc_motor_hardware/dfrobot_dc_motor_hardware.hpp
-- Installing: /home/rhody/box_bot/src/dfrobot_dc_motor_hardware/install/dfrobot_dc_motor_hardware/include/dfrobot_dc_motor_hardware/dfrobot_dc_motor_hardware/dfrobot_dc_motor.hpp
-- Installing: /home/rhody/box_bot/src/dfrobot_dc_motor_hardware/install/dfrobot_dc_motor_hardware/include/dfrobot_dc_motor_hardware/dfrobot_dc_motor_hardware/wheel.hpp
-- Installing: /home/rhody/box_bot/src/dfrobot_dc_motor_hardware/install/dfrobot_dc_motor_hardware/share/dfrobot_dc_motor_hardware/launch
-- Installing: /home/rhody/box_bot/src/dfrobot_dc_motor_hardware/install/dfrobot_dc_motor_hardware/share/dfrobot_dc_motor_hardware/ros2_control
-- Installing: /home/rhody/box_bot/src/dfrobot_dc_motor_hardware/install/dfrobot_dc_motor_hardware/share/dfrobot_dc_motor_hardware/ros2_control/diffbot.ros2_control.xacro
-- Installing: /home/rhody/box_bot/src/dfrobot_dc_motor_hardware/install/dfrobot_dc_motor_hardware/share/dfrobot_dc_motor_hardware/urdf
-- Installing: /home/rhody/box_bot/src/dfrobot_dc_motor_hardware/install/dfrobot_dc_motor_hardware/share/dfrobot_dc_motor_hardware/urdf/diffbot.urdf.xacro
-- Installing: /home/rhody/box_bot/src/dfrobot_dc_motor_hardware/install/dfrobot_dc_motor_hardware/share/dfrobot_dc_motor_hardware/urdf/diffbot.materials.xacro
-- Installing: /home/rhody/box_bot/src/dfrobot_dc_motor_hardware/install/dfrobot_dc_motor_hardware/share/dfrobot_dc_motor_hardware/urdf/diffbot_description.urdf.xacro
-- Installing: /home/rhody/box_bot/src/dfrobot_dc_motor_hardware/install/dfrobot_dc_motor_hardware/share/dfrobot_dc_motor_hardware/rviz
-- Installing: /home/rhody/box_bot/src/dfrobot_dc_motor_hardware/install/dfrobot_dc_motor_hardware/share/dfrobot_dc_motor_hardware/rviz/dfrobot.rviz
-- Installing: /home/rhody/box_bot/src/dfrobot_dc_motor_hardware/install/dfrobot_dc_motor_hardware/share/dfrobot_dc_motor_hardware/rviz/dfrobot_view.rviz
-- Up-to-date: /home/rhody/box_bot/src/dfrobot_dc_motor_hardware/install/dfrobot_dc_motor_hardware/share/dfrobot_dc_motor_hardware/launch
-- Installing: /home/rhody/box_bot/src/dfrobot_dc_motor_hardware/install/dfrobot_dc_motor_hardware/share/dfrobot_dc_motor_hardware/launch/dfrobot_dc_motor.launch.py
-- Installing: /home/rhody/box_bot/src/dfrobot_dc_motor_hardware/install/dfrobot_dc_motor_hardware/share/dfrobot_dc_motor_hardware/config
-- Installing: /home/rhody/box_bot/src/dfrobot_dc_motor_hardware/install/dfrobot_dc_motor_hardware/share/dfrobot_dc_motor_hardware/config/dfrobot_dc_motor.yaml
-- Installing: /home/rhody/box_bot/src/dfrobot_dc_motor_hardware/install/dfrobot_dc_motor_hardware/lib/libdfrobot_dc_motor_hardware.so
-- Set non-toolchain portion of runtime path of "/home/rhody/box_bot/src/dfrobot_dc_motor_hardware/install/dfrobot_dc_motor_hardware/lib/libdfrobot_dc_motor_hardware.so" to ""
-- Installing: /home/rhody/box_bot/src/dfrobot_dc_motor_hardware/install/dfrobot_dc_motor_hardware/share/dfrobot_dc_motor_hardware/environment/library_path.sh
-- Installing: /home/rhody/box_bot/src/dfrobot_dc_motor_hardware/install/dfrobot_dc_motor_hardware/share/dfrobot_dc_motor_hardware/environment/library_path.dsv
-- Installing: /home/rhody/box_bot/src/dfrobot_dc_motor_hardware/install/dfrobot_dc_motor_hardware/share/ament_index/resource_index/package_run_dependencies/dfrobot_dc_motor_hardware
-- Installing: /home/rhody/box_bot/src/dfrobot_dc_motor_hardware/install/dfrobot_dc_motor_hardware/share/ament_index/resource_index/parent_prefix_path/dfrobot_dc_motor_hardware
-- Installing: /home/rhody/box_bot/src/dfrobot_dc_motor_hardware/install/dfrobot_dc_motor_hardware/share/dfrobot_dc_motor_hardware/environment/ament_prefix_path.sh
-- Installing: /home/rhody/box_bot/src/dfrobot_dc_motor_hardware/install/dfrobot_dc_motor_hardware/share/dfrobot_dc_motor_hardware/environment/ament_prefix_path.dsv
-- Installing: /home/rhody/box_bot/src/dfrobot_dc_motor_hardware/install/dfrobot_dc_motor_hardware/share/dfrobot_dc_motor_hardware/environment/path.sh
-- Installing: /home/rhody/box_bot/src/dfrobot_dc_motor_hardware/install/dfrobot_dc_motor_hardware/share/dfrobot_dc_motor_hardware/environment/path.dsv
-- Installing: /home/rhody/box_bot/src/dfrobot_dc_motor_hardware/install/dfrobot_dc_motor_hardware/share/dfrobot_dc_motor_hardware/local_setup.bash
-- Installing: /home/rhody/box_bot/src/dfrobot_dc_motor_hardware/install/dfrobot_dc_motor_hardware/share/dfrobot_dc_motor_hardware/local_setup.sh
-- Installing: /home/rhody/box_bot/src/dfrobot_dc_motor_hardware/install/dfrobot_dc_motor_hardware/share/dfrobot_dc_motor_hardware/local_setup.zsh
-- Installing: /home/rhody/box_bot/src/dfrobot_dc_motor_hardware/install/dfrobot_dc_motor_hardware/share/dfrobot_dc_motor_hardware/local_setup.dsv
-- Installing: /home/rhody/box_bot/src/dfrobot_dc_motor_hardware/install/dfrobot_dc_motor_hardware/share/dfrobot_dc_motor_hardware/package.dsv
-- Installing: /home/rhody/box_bot/src/dfrobot_dc_motor_hardware/install/dfrobot_dc_motor_hardware/share/ament_index/resource_index/packages/dfrobot_dc_motor_hardware
-- Installing: /home/rhody/box_bot/src/dfrobot_dc_motor_hardware/install/dfrobot_dc_motor_hardware/share/ament_index/resource_index/hardware_interface__pluginlib__plugin/dfrobot_dc_motor_hardware
-- Installing: /home/rhody/box_bot/src/dfrobot_dc_motor_hardware/install/dfrobot_dc_motor_hardware/share/dfrobot_dc_motor_hardware/cmake/export_dfrobot_dc_motor_hardwareExport.cmake
-- Installing: /home/rhody/box_bot/src/dfrobot_dc_motor_hardware/install/dfrobot_dc_motor_hardware/share/dfrobot_dc_motor_hardware/cmake/export_dfrobot_dc_motor_hardwareExport-noconfig.cmake
-- Installing: /home/rhody/box_bot/src/dfrobot_dc_motor_hardware/install/dfrobot_dc_motor_hardware/share/dfrobot_dc_motor_hardware/cmake/ament_cmake_export_targets-extras.cmake
-- Installing: /home/rhody/box_bot/src/dfrobot_dc_motor_hardware/install/dfrobot_dc_motor_hardware/share/dfrobot_dc_motor_hardware/cmake/ament_cmake_export_dependencies-extras.cmake
-- Installing: /home/rhody/box_bot/src/dfrobot_dc_motor_hardware/install/dfrobot_dc_motor_hardware/share/dfrobot_dc_motor_hardware/cmake/dfrobot_dc_motor_hardwareConfig.cmake
-- Installing: /home/rhody/box_bot/src/dfrobot_dc_motor_hardware/install/dfrobot_dc_motor_hardware/share/dfrobot_dc_motor_hardware/cmake/dfrobot_dc_motor_hardwareConfig-version.cmake
-- Installing: /home/rhody/box_bot/src/dfrobot_dc_motor_hardware/install/dfrobot_dc_motor_hardware/share/dfrobot_dc_motor_hardware/package.xml
