[0.421s] DEBUG:colcon:Command line arguments: ['/usr/bin/colcon', 'build', '--packages-select', 'dfrobot_dc_motor_hardware', '--cmake-clean-cache']
[0.422s] DEBUG:colcon:Parsed command line arguments: Namespace(log_base=None, log_level=None, verb_name='build', build_base='build', install_base='install', merge_install=False, symlink_install=False, test_result_base=None, continue_on_error=False, executor='parallel', parallel_workers=4, event_handlers=None, ignore_user_meta=False, metas=['./colcon.meta'], base_paths=['.'], packages_ignore=None, packages_ignore_regex=None, paths=None, packages_up_to=None, packages_up_to_regex=None, packages_above=None, packages_above_and_dependencies=None, packages_above_depth=None, packages_select_by_dep=None, packages_skip_by_dep=None, packages_skip_up_to=None, packages_select_build_failed=False, packages_skip_build_finished=False, packages_select_test_failures=False, packages_skip_test_passed=False, packages_select=['dfrobot_dc_motor_hardware'], packages_skip=None, packages_select_regex=None, packages_skip_regex=None, packages_start=None, packages_end=None, allow_overriding=[], cmake_args=None, cmake_target=None, cmake_target_skip_unavailable=False, cmake_clean_cache=True, cmake_clean_first=False, cmake_force_configure=False, ament_cmake_args=None, catkin_cmake_args=None, catkin_skip_building_tests=False, verb_parser=<colcon_defaults.argument_parser.defaults.DefaultArgumentsDecorator object at 0xffffa1d0fc80>, verb_extension=<colcon_core.verb.build.BuildVerb object at 0xffffa1e67050>, main=<bound method BuildVerb.main of <colcon_core.verb.build.BuildVerb object at 0xffffa1e67050>>)
[0.579s] Level 1:colcon.colcon_core.package_discovery:discover_packages(colcon_meta) check parameters
[0.579s] Level 1:colcon.colcon_core.package_discovery:discover_packages(recursive) check parameters
[0.580s] Level 1:colcon.colcon_core.package_discovery:discover_packages(ignore) check parameters
[0.580s] Level 1:colcon.colcon_core.package_discovery:discover_packages(path) check parameters
[0.580s] Level 1:colcon.colcon_core.package_discovery:discover_packages(colcon_meta) discover
[0.580s] Level 1:colcon.colcon_core.package_discovery:discover_packages(recursive) discover
[0.580s] INFO:colcon.colcon_core.package_discovery:Crawling recursively for packages in '/home/rhody/box_bot/src/dfrobot_dc_motor_hardware'
[0.581s] Level 1:colcon.colcon_core.package_identification:_identify(.) by extensions ['ignore', 'ignore_ament_install']
[0.581s] Level 1:colcon.colcon_core.package_identification:_identify(.) by extension 'ignore'
[0.582s] Level 1:colcon.colcon_core.package_identification:_identify(.) by extension 'ignore_ament_install'
[0.582s] Level 1:colcon.colcon_core.package_identification:_identify(.) by extensions ['colcon_pkg']
[0.582s] Level 1:colcon.colcon_core.package_identification:_identify(.) by extension 'colcon_pkg'
[0.582s] Level 1:colcon.colcon_core.package_identification:_identify(.) by extensions ['colcon_meta']
[0.582s] Level 1:colcon.colcon_core.package_identification:_identify(.) by extension 'colcon_meta'
[0.582s] Level 1:colcon.colcon_core.package_identification:_identify(.) by extensions ['ros']
[0.583s] Level 1:colcon.colcon_core.package_identification:_identify(.) by extension 'ros'
[0.708s] DEBUG:colcon.colcon_core.package_identification:Package '.' with type 'ros.ament_cmake' and name 'dfrobot_dc_motor_hardware'
[0.708s] Level 1:colcon.colcon_core.package_discovery:discover_packages(recursive) using defaults
[0.708s] Level 1:colcon.colcon_core.package_discovery:discover_packages(ignore) discover
[0.708s] Level 1:colcon.colcon_core.package_discovery:discover_packages(ignore) using defaults
[0.709s] Level 1:colcon.colcon_core.package_discovery:discover_packages(path) discover
[0.709s] Level 1:colcon.colcon_core.package_discovery:discover_packages(path) using defaults
[0.778s] Level 1:colcon.colcon_core.package_discovery:discover_packages(prefix_path) check parameters
[0.779s] Level 1:colcon.colcon_core.package_discovery:discover_packages(prefix_path) discover
[0.792s] DEBUG:colcon.colcon_installed_package_information.package_discovery:Found 237 installed packages in /opt/ros/jazzy
[0.795s] Level 1:colcon.colcon_core.package_discovery:discover_packages(prefix_path) using defaults
[0.951s] Level 5:colcon.colcon_core.verb:set package 'dfrobot_dc_motor_hardware' build argument 'cmake_args' from command line to 'None'
[0.951s] Level 5:colcon.colcon_core.verb:set package 'dfrobot_dc_motor_hardware' build argument 'cmake_target' from command line to 'None'
[0.952s] Level 5:colcon.colcon_core.verb:set package 'dfrobot_dc_motor_hardware' build argument 'cmake_target_skip_unavailable' from command line to 'False'
[0.952s] Level 5:colcon.colcon_core.verb:set package 'dfrobot_dc_motor_hardware' build argument 'cmake_clean_cache' from command line to 'True'
[0.952s] Level 5:colcon.colcon_core.verb:set package 'dfrobot_dc_motor_hardware' build argument 'cmake_clean_first' from command line to 'False'
[0.952s] Level 5:colcon.colcon_core.verb:set package 'dfrobot_dc_motor_hardware' build argument 'cmake_force_configure' from command line to 'False'
[0.952s] Level 5:colcon.colcon_core.verb:set package 'dfrobot_dc_motor_hardware' build argument 'ament_cmake_args' from command line to 'None'
[0.952s] Level 5:colcon.colcon_core.verb:set package 'dfrobot_dc_motor_hardware' build argument 'catkin_cmake_args' from command line to 'None'
[0.952s] Level 5:colcon.colcon_core.verb:set package 'dfrobot_dc_motor_hardware' build argument 'catkin_skip_building_tests' from command line to 'False'
[0.952s] DEBUG:colcon.colcon_core.verb:Building package 'dfrobot_dc_motor_hardware' with the following arguments: {'ament_cmake_args': None, 'build_base': '/home/rhody/box_bot/src/dfrobot_dc_motor_hardware/build/dfrobot_dc_motor_hardware', 'catkin_cmake_args': None, 'catkin_skip_building_tests': False, 'cmake_args': None, 'cmake_clean_cache': True, 'cmake_clean_first': False, 'cmake_force_configure': False, 'cmake_target': None, 'cmake_target_skip_unavailable': False, 'install_base': '/home/rhody/box_bot/src/dfrobot_dc_motor_hardware/install/dfrobot_dc_motor_hardware', 'merge_install': False, 'path': '/home/rhody/box_bot/src/dfrobot_dc_motor_hardware', 'symlink_install': False, 'test_result_base': None}
[0.953s] INFO:colcon.colcon_core.executor:Executing jobs using 'parallel' executor
[0.956s] DEBUG:colcon.colcon_parallel_executor.executor.parallel:run_until_complete
[0.957s] INFO:colcon.colcon_ros.task.ament_cmake.build:Building ROS package in '/home/rhody/box_bot/src/dfrobot_dc_motor_hardware' with build type 'ament_cmake'
[0.957s] INFO:colcon.colcon_cmake.task.cmake.build:Building CMake package in '/home/rhody/box_bot/src/dfrobot_dc_motor_hardware'
[0.965s] INFO:colcon.colcon_core.plugin_system:Skipping extension 'colcon_core.shell.bat': Not used on non-Windows systems
[0.966s] INFO:colcon.colcon_core.shell:Skip shell extension 'powershell' for command environment: Not usable outside of PowerShell
[0.967s] DEBUG:colcon.colcon_core.shell:Skip shell extension 'dsv' for command environment
[1.005s] DEBUG:colcon.colcon_core.event_handler.log_command:Invoking command in '/home/rhody/box_bot/src/dfrobot_dc_motor_hardware/build/dfrobot_dc_motor_hardware': CMAKE_PREFIX_PATH=/opt/ros/jazzy /usr/bin/cmake /home/rhody/box_bot/src/dfrobot_dc_motor_hardware -DCMAKE_INSTALL_PREFIX=/home/rhody/box_bot/src/dfrobot_dc_motor_hardware/install/dfrobot_dc_motor_hardware
[7.202s] DEBUG:colcon.colcon_core.event_handler.log_command:Invoked command in '/home/rhody/box_bot/src/dfrobot_dc_motor_hardware/build/dfrobot_dc_motor_hardware' returned '0': CMAKE_PREFIX_PATH=/opt/ros/jazzy /usr/bin/cmake /home/rhody/box_bot/src/dfrobot_dc_motor_hardware -DCMAKE_INSTALL_PREFIX=/home/rhody/box_bot/src/dfrobot_dc_motor_hardware/install/dfrobot_dc_motor_hardware
[7.210s] DEBUG:colcon.colcon_core.event_handler.log_command:Invoking command in '/home/rhody/box_bot/src/dfrobot_dc_motor_hardware/build/dfrobot_dc_motor_hardware': CMAKE_PREFIX_PATH=/opt/ros/jazzy /usr/bin/cmake --build /home/rhody/box_bot/src/dfrobot_dc_motor_hardware/build/dfrobot_dc_motor_hardware -- -j4 -l4
[10.399s] DEBUG:colcon.colcon_core.event_handler.log_command:Invoked command in '/home/rhody/box_bot/src/dfrobot_dc_motor_hardware/build/dfrobot_dc_motor_hardware' returned '2': CMAKE_PREFIX_PATH=/opt/ros/jazzy /usr/bin/cmake --build /home/rhody/box_bot/src/dfrobot_dc_motor_hardware/build/dfrobot_dc_motor_hardware -- -j4 -l4
[10.544s] Level 1:colcon.colcon_core.environment:create_environment_scripts_only(dfrobot_dc_motor_hardware)
[10.557s] Level 1:colcon.colcon_core.environment:checking '/home/rhody/box_bot/src/dfrobot_dc_motor_hardware/install/dfrobot_dc_motor_hardware' for CMake module files
[10.560s] Level 1:colcon.colcon_core.environment:checking '/home/rhody/box_bot/src/dfrobot_dc_motor_hardware/install/dfrobot_dc_motor_hardware' for CMake config files
[10.562s] Level 1:colcon.colcon_core.environment:checking '/home/rhody/box_bot/src/dfrobot_dc_motor_hardware/install/dfrobot_dc_motor_hardware/bin'
[10.562s] Level 1:colcon.colcon_core.environment:checking '/home/rhody/box_bot/src/dfrobot_dc_motor_hardware/install/dfrobot_dc_motor_hardware/lib/pkgconfig/dfrobot_dc_motor_hardware.pc'
[10.563s] Level 1:colcon.colcon_core.environment:checking '/home/rhody/box_bot/src/dfrobot_dc_motor_hardware/install/dfrobot_dc_motor_hardware/lib/python3.12/site-packages'
[10.564s] Level 1:colcon.colcon_core.environment:checking '/home/rhody/box_bot/src/dfrobot_dc_motor_hardware/install/dfrobot_dc_motor_hardware/bin'
[10.565s] INFO:colcon.colcon_core.shell:Creating package script '/home/rhody/box_bot/src/dfrobot_dc_motor_hardware/install/dfrobot_dc_motor_hardware/share/dfrobot_dc_motor_hardware/package.ps1'
[10.568s] INFO:colcon.colcon_core.shell:Creating package descriptor '/home/rhody/box_bot/src/dfrobot_dc_motor_hardware/install/dfrobot_dc_motor_hardware/share/dfrobot_dc_motor_hardware/package.dsv'
[10.571s] INFO:colcon.colcon_core.shell:Creating package script '/home/rhody/box_bot/src/dfrobot_dc_motor_hardware/install/dfrobot_dc_motor_hardware/share/dfrobot_dc_motor_hardware/package.sh'
[10.574s] INFO:colcon.colcon_core.shell:Creating package script '/home/rhody/box_bot/src/dfrobot_dc_motor_hardware/install/dfrobot_dc_motor_hardware/share/dfrobot_dc_motor_hardware/package.bash'
[10.576s] INFO:colcon.colcon_core.shell:Creating package script '/home/rhody/box_bot/src/dfrobot_dc_motor_hardware/install/dfrobot_dc_motor_hardware/share/dfrobot_dc_motor_hardware/package.zsh'
[10.579s] Level 1:colcon.colcon_core.environment:create_file_with_runtime_dependencies(/home/rhody/box_bot/src/dfrobot_dc_motor_hardware/install/dfrobot_dc_motor_hardware/share/colcon-core/packages/dfrobot_dc_motor_hardware)
[10.581s] DEBUG:colcon.colcon_parallel_executor.executor.parallel:closing loop
[10.582s] DEBUG:colcon.colcon_parallel_executor.executor.parallel:loop closed
[10.583s] DEBUG:colcon.colcon_parallel_executor.executor.parallel:run_until_complete finished with '2'
[10.583s] DEBUG:colcon.colcon_core.event_reactor:joining thread
[10.604s] INFO:colcon.colcon_core.plugin_system:Skipping extension 'colcon_notification.desktop_notification.notify_send': Could not find 'notify-send'
[10.604s] INFO:colcon.colcon_core.plugin_system:Skipping extension 'colcon_notification.desktop_notification.terminal_notifier': Not used on non-Darwin systems
[10.605s] INFO:colcon.colcon_core.plugin_system:Skipping extension 'colcon_notification.desktop_notification.win32': Not used on non-Windows systems
[10.605s] INFO:colcon.colcon_notification.desktop_notification:Sending desktop notification using 'notify2'
[10.608s] DEBUG:colcon.colcon_notification.desktop_notification.notify2:Failed to initialize notify2: org.freedesktop.DBus.Error.ServiceUnknown: The name org.freedesktop.Notifications was not provided by any .service files
[10.609s] DEBUG:colcon.colcon_core.event_reactor:joined thread
[10.609s] INFO:colcon.colcon_core.shell:Creating prefix script '/home/rhody/box_bot/src/dfrobot_dc_motor_hardware/install/local_setup.ps1'
[10.612s] INFO:colcon.colcon_core.shell:Creating prefix util module '/home/rhody/box_bot/src/dfrobot_dc_motor_hardware/install/_local_setup_util_ps1.py'
[10.617s] INFO:colcon.colcon_core.shell:Creating prefix chain script '/home/rhody/box_bot/src/dfrobot_dc_motor_hardware/install/setup.ps1'
[10.621s] INFO:colcon.colcon_core.shell:Creating prefix script '/home/rhody/box_bot/src/dfrobot_dc_motor_hardware/install/local_setup.sh'
[10.624s] INFO:colcon.colcon_core.shell:Creating prefix util module '/home/rhody/box_bot/src/dfrobot_dc_motor_hardware/install/_local_setup_util_sh.py'
[10.627s] INFO:colcon.colcon_core.shell:Creating prefix chain script '/home/rhody/box_bot/src/dfrobot_dc_motor_hardware/install/setup.sh'
[10.630s] INFO:colcon.colcon_core.shell:Creating prefix script '/home/rhody/box_bot/src/dfrobot_dc_motor_hardware/install/local_setup.bash'
[10.632s] INFO:colcon.colcon_core.shell:Creating prefix chain script '/home/rhody/box_bot/src/dfrobot_dc_motor_hardware/install/setup.bash'
[10.636s] INFO:colcon.colcon_core.shell:Creating prefix script '/home/rhody/box_bot/src/dfrobot_dc_motor_hardware/install/local_setup.zsh'
[10.638s] INFO:colcon.colcon_core.shell:Creating prefix chain script '/home/rhody/box_bot/src/dfrobot_dc_motor_hardware/install/setup.zsh'
