In file included from [01m[K/opt/ros/jazzy/include/class_loader/class_loader/class_loader_core.hpp:58[m[K,
                 from [01m[K/opt/ros/jazzy/include/class_loader/class_loader/class_loader.hpp:55[m[K,
                 from [01m[K/opt/ros/jazzy/include/pluginlib/pluginlib/class_list_macros.hpp:40[m[K,
                 from [01m[K/home/rhody/box_bot/src/dfrobot_dc_motor_hardware/hardware/dfrobot_dc_motor_hardware.cpp:149[m[K:
/opt/ros/jazzy/include/class_loader/class_loader/meta_object.hpp: In instantiation of ‘[01m[KB* class_loader::impl::MetaObject<C, B>::[01;32m[Kcreate[m[K() const [35m[K[with C = dfrobot_dc_motor_hardware::DFRobotDCMotorHardware; B = hardware_interface::SystemInterface][m[K[m[K’:
[01m[K/opt/ros/jazzy/include/class_loader/class_loader/meta_object.hpp:216:7:[m[K   required from here
[01m[K/opt/ros/jazzy/include/class_loader/class_loader/meta_object.hpp:218:12:[m[K [01;31m[Kerror: [m[Kuse of deleted function ‘[01m[Kdfrobot_dc_motor_hardware::DFRobotDCMotorHardware::[01;32m[KDFRobotDCMotorHardware[m[K()[m[K’
  218 |     return [01;31m[Knew C[m[K;
      |            [01;31m[K^~~~~[m[K
In file included from [01m[K/home/rhody/box_bot/src/dfrobot_dc_motor_hardware/hardware/dfrobot_dc_motor_hardware.cpp:3[m[K:
[01m[K/home/rhody/box_bot/src/dfrobot_dc_motor_hardware/hardware/include/dfrobot_dc_motor_hardware/dfrobot_dc_motor_hardware.hpp:17:7:[m[K [01;36m[Knote: [m[K‘[01m[Kdfrobot_dc_motor_hardware::DFRobotDCMotorHardware::[01;32m[KDFRobotDCMotorHardware[m[K()[m[K’ is implicitly deleted because the default definition would be ill-formed:
   17 | class [01;36m[KDFRobotDCMotorHardware[m[K : public hardware_interface::SystemInterface {
      |       [01;36m[K^~~~~~~~~~~~~~~~~~~~~~[m[K
[01m[K/home/rhody/box_bot/src/dfrobot_dc_motor_hardware/hardware/include/dfrobot_dc_motor_hardware/dfrobot_dc_motor_hardware.hpp:17:7:[m[K [01;31m[Kerror: [m[Kno matching function for call to ‘[01m[KDFRobotDCMotor::DFRobotDCMotor()[m[K’
In file included from [01m[K/home/rhody/box_bot/src/dfrobot_dc_motor_hardware/hardware/include/dfrobot_dc_motor_hardware/dfrobot_dc_motor_hardware.hpp:10[m[K:
[01m[K/home/rhody/box_bot/src/dfrobot_dc_motor_hardware/hardware/include/dfrobot_dc_motor_hardware/dfrobot_dc_motor.hpp:17:5:[m[K [01;36m[Knote: [m[Kcandidate: ‘[01m[KDFRobotDCMotor::[01;32m[KDFRobotDCMotor[m[K(int, uint8_t)[m[K’
   17 |     [01;36m[KDFRobotDCMotor[m[K(int bus_id, uint8_t addr);
      |     [01;36m[K^~~~~~~~~~~~~~[m[K
[01m[K/home/rhody/box_bot/src/dfrobot_dc_motor_hardware/hardware/include/dfrobot_dc_motor_hardware/dfrobot_dc_motor.hpp:17:5:[m[K [01;36m[Knote: [m[K  candidate expects 2 arguments, 0 provided
[01m[K/home/rhody/box_bot/src/dfrobot_dc_motor_hardware/hardware/include/dfrobot_dc_motor_hardware/dfrobot_dc_motor.hpp:15:7:[m[K [01;36m[Knote: [m[Kcandidate: ‘[01m[Kconstexpr DFRobotDCMotor::[01;32m[KDFRobotDCMotor[m[K(const DFRobotDCMotor&)[m[K’
   15 | class [01;36m[KDFRobotDCMotor[m[K {
      |       [01;36m[K^~~~~~~~~~~~~~[m[K
[01m[K/home/rhody/box_bot/src/dfrobot_dc_motor_hardware/hardware/include/dfrobot_dc_motor_hardware/dfrobot_dc_motor.hpp:15:7:[m[K [01;36m[Knote: [m[K  candidate expects 1 argument, 0 provided
gmake[2]: *** [CMakeFiles/dfrobot_dc_motor_hardware.dir/build.make:76: CMakeFiles/dfrobot_dc_motor_hardware.dir/hardware/dfrobot_dc_motor_hardware.cpp.o] Error 1
gmake[1]: *** [CMakeFiles/Makefile2:137: CMakeFiles/dfrobot_dc_motor_hardware.dir/all] Error 2
gmake: *** [Makefile:146: all] Error 2
