[0.051s] Invoking command in '/home/rhody/box_bot/src/dfrobot_dc_motor_hardware/build/dfrobot_dc_motor_hardware': CMAKE_PREFIX_PATH=/opt/ros/jazzy /usr/bin/cmake /home/rhody/box_bot/src/dfrobot_dc_motor_hardware -DCMAKE_INSTALL_PREFIX=/home/rhody/box_bot/src/dfrobot_dc_motor_hardware/install/dfrobot_dc_motor_hardware
[0.389s] -- The CXX compiler identification is GNU 13.2.0
[0.479s] -- Detecting CXX compiler ABI info
[0.970s] -- Detecting CXX compiler ABI info - done
[1.006s] -- Check for working CXX compiler: /usr/bin/c++ - skipped
[1.007s] -- Detecting CXX compile features
[1.009s] -- Detecting CXX compile features - done
[1.027s] -- Found ament_cmake: 2.5.2 (/opt/ros/jazzy/share/ament_cmake/cmake)
[1.708s] -- Found Python3: /usr/bin/python3 (found version "3.12.3") found components: Interpreter 
[2.259s] -- Found hardware_interface: 4.18.0 (/opt/ros/jazzy/share/hardware_interface/cmake)
[2.528s] -- Found rosidl_generator_c: 4.6.4 (/opt/ros/jazzy/share/rosidl_generator_c/cmake)
[2.610s] -- Found rosidl_generator_cpp: 4.6.4 (/opt/ros/jazzy/share/rosidl_generator_cpp/cmake)
[2.699s] -- Using all available rosidl_typesupport_c: rosidl_typesupport_fastrtps_c;rosidl_typesupport_introspection_c
[2.797s] -- Using all available rosidl_typesupport_cpp: rosidl_typesupport_fastrtps_cpp;rosidl_typesupport_introspection_cpp
[3.768s] -- Found TinyXML2 via Config file: /usr/lib/aarch64-linux-gnu/cmake/tinyxml2
[3.994s] -- Found rmw_implementation_cmake: 7.3.1 (/opt/ros/jazzy/share/rmw_implementation_cmake/cmake)
[4.013s] -- Found rmw_fastrtps_cpp: 8.4.1 (/opt/ros/jazzy/share/rmw_fastrtps_cpp/cmake)
[4.138s] -- Found TinyXML2 via Config file: /usr/lib/aarch64-linux-gnu/cmake/tinyxml2
[4.418s] -- Found OpenSSL: /usr/lib/aarch64-linux-gnu/libcrypto.so (found version "3.0.13")  
[4.433s] -- Found TinyXML2 via Config file: /usr/lib/aarch64-linux-gnu/cmake/tinyxml2
[4.486s] -- Found FastRTPS: /opt/ros/jazzy/include (Required is at least version "2.13") 
[4.499s] -- Found TinyXML2 via Config file: /usr/lib/aarch64-linux-gnu/cmake/tinyxml2
[4.537s] -- Found TinyXML2 via Config file: /usr/lib/aarch64-linux-gnu/cmake/tinyxml2
[4.576s] -- Using RMW implementation 'rmw_fastrtps_cpp' as default
[5.654s] -- Found Threads: TRUE  
[5.670s] -- Found ament_cmake_gtest: 2.5.2 (/opt/ros/jazzy/share/ament_cmake_gtest/cmake)
[6.100s] -- Configuring done (6.0s)
[6.199s] -- Generating done (0.1s)
[6.210s] -- Build files have been written to: /home/rhody/box_bot/src/dfrobot_dc_motor_hardware/build/dfrobot_dc_motor_hardware
[6.248s] Invoked command in '/home/rhody/box_bot/src/dfrobot_dc_motor_hardware/build/dfrobot_dc_motor_hardware' returned '0': CMAKE_PREFIX_PATH=/opt/ros/jazzy /usr/bin/cmake /home/rhody/box_bot/src/dfrobot_dc_motor_hardware -DCMAKE_INSTALL_PREFIX=/home/rhody/box_bot/src/dfrobot_dc_motor_hardware/install/dfrobot_dc_motor_hardware
[6.255s] Invoking command in '/home/rhody/box_bot/src/dfrobot_dc_motor_hardware/build/dfrobot_dc_motor_hardware': CMAKE_PREFIX_PATH=/opt/ros/jazzy /usr/bin/cmake --build /home/rhody/box_bot/src/dfrobot_dc_motor_hardware/build/dfrobot_dc_motor_hardware -- -j4 -l4
[6.568s] [ 66%] [32mBuilding CXX object CMakeFiles/dfrobot_dc_motor_hardware.dir/hardware/dfrobot_dc_motor.cpp.o[0m
[6.568s] [ 66%] [32mBuilding CXX object CMakeFiles/dfrobot_dc_motor_hardware.dir/hardware/dfrobot_dc_motor_hardware.cpp.o[0m
[6.642s] [01m[K/home/rhody/box_bot/src/dfrobot_dc_motor_hardware/hardware/dfrobot_dc_motor_hardware.cpp:3:10:[m[K [01;31m[Kfatal error: [m[Kdfrobot_dc_motor_hardware/dfrobot_dc_motor_hardware.hpp: No such file or directory
[6.643s]     3 | #include [01;31m[K"dfrobot_dc_motor_hardware/dfrobot_dc_motor_hardware.hpp"[m[K
[6.644s]       |          [01;31m[K^~~~~~~~~~~~~~~~~~~~~~~~~~~~~~~~~~~~~~~~~~~~~~~~~~~~~~~~~[m[K
[6.645s] compilation terminated.
[6.645s] [01m[K/home/rhody/box_bot/src/dfrobot_dc_motor_hardware/hardware/dfrobot_dc_motor.cpp:3:10:[m[K [01;31m[Kfatal error: [m[Kdfrobot_dc_motor_hardware/dfrobot_dc_motor.hpp: No such file or directory
[6.646s]     3 | #include [01;31m[K"dfrobot_dc_motor_hardware/dfrobot_dc_motor.hpp"[m[K
[6.646s]       |          [01;31m[K^~~~~~~~~~~~~~~~~~~~~~~~~~~~~~~~~~~~~~~~~~~~~~~~[m[K
[6.647s] compilation terminated.
[6.649s] gmake[2]: *** [CMakeFiles/dfrobot_dc_motor_hardware.dir/build.make:76: CMakeFiles/dfrobot_dc_motor_hardware.dir/hardware/dfrobot_dc_motor_hardware.cpp.o] Error 1
[6.650s] gmake[2]: *** Waiting for unfinished jobs....
[6.651s] gmake[2]: *** [CMakeFiles/dfrobot_dc_motor_hardware.dir/build.make:90: CMakeFiles/dfrobot_dc_motor_hardware.dir/hardware/dfrobot_dc_motor.cpp.o] Error 1
[6.651s] gmake[1]: *** [CMakeFiles/Makefile2:137: CMakeFiles/dfrobot_dc_motor_hardware.dir/all] Error 2
[6.652s] gmake: *** [Makefile:146: all] Error 2
[6.659s] Invoked command in '/home/rhody/box_bot/src/dfrobot_dc_motor_hardware/build/dfrobot_dc_motor_hardware' returned '2': CMAKE_PREFIX_PATH=/opt/ros/jazzy /usr/bin/cmake --build /home/rhody/box_bot/src/dfrobot_dc_motor_hardware/build/dfrobot_dc_motor_hardware -- -j4 -l4
