[0.422s] DEBUG:colcon:Command line arguments: ['/usr/bin/colcon', 'build', '--packages-select', 'dfrobot_dc_motor_hardware', '--cmake-clean-cache']
[0.422s] DEBUG:colcon:Parsed command line arguments: Namespace(log_base=None, log_level=None, verb_name='build', build_base='build', install_base='install', merge_install=False, symlink_install=False, test_result_base=None, continue_on_error=False, executor='parallel', parallel_workers=4, event_handlers=None, ignore_user_meta=False, metas=['./colcon.meta'], base_paths=['.'], packages_ignore=None, packages_ignore_regex=None, paths=None, packages_up_to=None, packages_up_to_regex=None, packages_above=None, packages_above_and_dependencies=None, packages_above_depth=None, packages_select_by_dep=None, packages_skip_by_dep=None, packages_skip_up_to=None, packages_select_build_failed=False, packages_skip_build_finished=False, packages_select_test_failures=False, packages_skip_test_passed=False, packages_select=['dfrobot_dc_motor_hardware'], packages_skip=None, packages_select_regex=None, packages_skip_regex=None, packages_start=None, packages_end=None, allow_overriding=[], cmake_args=None, cmake_target=None, cmake_target_skip_unavailable=False, cmake_clean_cache=True, cmake_clean_first=False, cmake_force_configure=False, ament_cmake_args=None, catkin_cmake_args=None, catkin_skip_building_tests=False, verb_parser=<colcon_defaults.argument_parser.defaults.DefaultArgumentsDecorator object at 0xffffa03c3e00>, verb_extension=<colcon_core.verb.build.BuildVerb object at 0xffffa11447a0>, main=<bound method BuildVerb.main of <colcon_core.verb.build.BuildVerb object at 0xffffa11447a0>>)
[0.579s] Level 1:colcon.colcon_core.package_discovery:discover_packages(colcon_meta) check parameters
[0.580s] Level 1:colcon.colcon_core.package_discovery:discover_packages(recursive) check parameters
[0.580s] Level 1:colcon.colcon_core.package_discovery:discover_packages(ignore) check parameters
[0.580s] Level 1:colcon.colcon_core.package_discovery:discover_packages(path) check parameters
[0.580s] Level 1:colcon.colcon_core.package_discovery:discover_packages(colcon_meta) discover
[0.580s] Level 1:colcon.colcon_core.package_discovery:discover_packages(recursive) discover
[0.580s] INFO:colcon.colcon_core.package_discovery:Crawling recursively for packages in '/home/rhody/box_bot/src/dfrobot_dc_motor_hardware'
[0.581s] Level 1:colcon.colcon_core.package_identification:_identify(.) by extensions ['ignore', 'ignore_ament_install']
[0.581s] Level 1:colcon.colcon_core.package_identification:_identify(.) by extension 'ignore'
[0.581s] Level 1:colcon.colcon_core.package_identification:_identify(.) by extension 'ignore_ament_install'
[0.582s] Level 1:colcon.colcon_core.package_identification:_identify(.) by extensions ['colcon_pkg']
[0.582s] Level 1:colcon.colcon_core.package_identification:_identify(.) by extension 'colcon_pkg'
[0.582s] Level 1:colcon.colcon_core.package_identification:_identify(.) by extensions ['colcon_meta']
[0.583s] Level 1:colcon.colcon_core.package_identification:_identify(.) by extension 'colcon_meta'
[0.583s] Level 1:colcon.colcon_core.package_identification:_identify(.) by extensions ['ros']
[0.583s] Level 1:colcon.colcon_core.package_identification:_identify(.) by extension 'ros'
[0.698s] DEBUG:colcon.colcon_core.package_identification:Package '.' with type 'ros.ament_cmake' and name 'dfrobot_dc_motor_hardware'
[0.699s] Level 1:colcon.colcon_core.package_discovery:discover_packages(recursive) using defaults
[0.699s] Level 1:colcon.colcon_core.package_discovery:discover_packages(ignore) discover
[0.699s] Level 1:colcon.colcon_core.package_discovery:discover_packages(ignore) using defaults
[0.699s] Level 1:colcon.colcon_core.package_discovery:discover_packages(path) discover
[0.699s] Level 1:colcon.colcon_core.package_discovery:discover_packages(path) using defaults
[0.768s] Level 1:colcon.colcon_core.package_discovery:discover_packages(prefix_path) check parameters
[0.768s] Level 1:colcon.colcon_core.package_discovery:discover_packages(prefix_path) discover
[0.782s] DEBUG:colcon.colcon_installed_package_information.package_discovery:Found 237 installed packages in /opt/ros/jazzy
[0.785s] Level 1:colcon.colcon_core.package_discovery:discover_packages(prefix_path) using defaults
[0.938s] Level 5:colcon.colcon_core.verb:set package 'dfrobot_dc_motor_hardware' build argument 'cmake_args' from command line to 'None'
[0.938s] Level 5:colcon.colcon_core.verb:set package 'dfrobot_dc_motor_hardware' build argument 'cmake_target' from command line to 'None'
[0.938s] Level 5:colcon.colcon_core.verb:set package 'dfrobot_dc_motor_hardware' build argument 'cmake_target_skip_unavailable' from command line to 'False'
[0.938s] Level 5:colcon.colcon_core.verb:set package 'dfrobot_dc_motor_hardware' build argument 'cmake_clean_cache' from command line to 'True'
[0.938s] Level 5:colcon.colcon_core.verb:set package 'dfrobot_dc_motor_hardware' build argument 'cmake_clean_first' from command line to 'False'
[0.939s] Level 5:colcon.colcon_core.verb:set package 'dfrobot_dc_motor_hardware' build argument 'cmake_force_configure' from command line to 'False'
[0.939s] Level 5:colcon.colcon_core.verb:set package 'dfrobot_dc_motor_hardware' build argument 'ament_cmake_args' from command line to 'None'
[0.939s] Level 5:colcon.colcon_core.verb:set package 'dfrobot_dc_motor_hardware' build argument 'catkin_cmake_args' from command line to 'None'
[0.939s] Level 5:colcon.colcon_core.verb:set package 'dfrobot_dc_motor_hardware' build argument 'catkin_skip_building_tests' from command line to 'False'
[0.939s] DEBUG:colcon.colcon_core.verb:Building package 'dfrobot_dc_motor_hardware' with the following arguments: {'ament_cmake_args': None, 'build_base': '/home/rhody/box_bot/src/dfrobot_dc_motor_hardware/build/dfrobot_dc_motor_hardware', 'catkin_cmake_args': None, 'catkin_skip_building_tests': False, 'cmake_args': None, 'cmake_clean_cache': True, 'cmake_clean_first': False, 'cmake_force_configure': False, 'cmake_target': None, 'cmake_target_skip_unavailable': False, 'install_base': '/home/rhody/box_bot/src/dfrobot_dc_motor_hardware/install/dfrobot_dc_motor_hardware', 'merge_install': False, 'path': '/home/rhody/box_bot/src/dfrobot_dc_motor_hardware', 'symlink_install': False, 'test_result_base': None}
[0.939s] INFO:colcon.colcon_core.executor:Executing jobs using 'parallel' executor
[0.942s] DEBUG:colcon.colcon_parallel_executor.executor.parallel:run_until_complete
[0.943s] INFO:colcon.colcon_ros.task.ament_cmake.build:Building ROS package in '/home/rhody/box_bot/src/dfrobot_dc_motor_hardware' with build type 'ament_cmake'
[0.944s] INFO:colcon.colcon_cmake.task.cmake.build:Building CMake package in '/home/rhody/box_bot/src/dfrobot_dc_motor_hardware'
[0.952s] INFO:colcon.colcon_core.plugin_system:Skipping extension 'colcon_core.shell.bat': Not used on non-Windows systems
[0.953s] INFO:colcon.colcon_core.shell:Skip shell extension 'powershell' for command environment: Not usable outside of PowerShell
[0.953s] DEBUG:colcon.colcon_core.shell:Skip shell extension 'dsv' for command environment
[0.993s] DEBUG:colcon.colcon_core.event_handler.log_command:Invoking command in '/home/rhody/box_bot/src/dfrobot_dc_motor_hardware/build/dfrobot_dc_motor_hardware': CMAKE_PREFIX_PATH=/opt/ros/jazzy /usr/bin/cmake /home/rhody/box_bot/src/dfrobot_dc_motor_hardware -DCMAKE_INSTALL_PREFIX=/home/rhody/box_bot/src/dfrobot_dc_motor_hardware/install/dfrobot_dc_motor_hardware
[7.130s] DEBUG:colcon.colcon_core.event_handler.log_command:Invoked command in '/home/rhody/box_bot/src/dfrobot_dc_motor_hardware/build/dfrobot_dc_motor_hardware' returned '0': CMAKE_PREFIX_PATH=/opt/ros/jazzy /usr/bin/cmake /home/rhody/box_bot/src/dfrobot_dc_motor_hardware -DCMAKE_INSTALL_PREFIX=/home/rhody/box_bot/src/dfrobot_dc_motor_hardware/install/dfrobot_dc_motor_hardware
[7.137s] DEBUG:colcon.colcon_core.event_handler.log_command:Invoking command in '/home/rhody/box_bot/src/dfrobot_dc_motor_hardware/build/dfrobot_dc_motor_hardware': CMAKE_PREFIX_PATH=/opt/ros/jazzy /usr/bin/cmake --build /home/rhody/box_bot/src/dfrobot_dc_motor_hardware/build/dfrobot_dc_motor_hardware -- -j4 -l4
[24.946s] DEBUG:colcon.colcon_core.event_handler.log_command:Invoked command in '/home/rhody/box_bot/src/dfrobot_dc_motor_hardware/build/dfrobot_dc_motor_hardware' returned '2': CMAKE_PREFIX_PATH=/opt/ros/jazzy /usr/bin/cmake --build /home/rhody/box_bot/src/dfrobot_dc_motor_hardware/build/dfrobot_dc_motor_hardware -- -j4 -l4
[25.096s] Level 1:colcon.colcon_core.environment:create_environment_scripts_only(dfrobot_dc_motor_hardware)
[25.109s] Level 1:colcon.colcon_core.environment:checking '/home/rhody/box_bot/src/dfrobot_dc_motor_hardware/install/dfrobot_dc_motor_hardware' for CMake module files
[25.113s] Level 1:colcon.colcon_core.environment:checking '/home/rhody/box_bot/src/dfrobot_dc_motor_hardware/install/dfrobot_dc_motor_hardware' for CMake config files
[25.115s] Level 1:colcon.colcon_core.environment:checking '/home/rhody/box_bot/src/dfrobot_dc_motor_hardware/install/dfrobot_dc_motor_hardware/bin'
[25.115s] Level 1:colcon.colcon_core.environment:checking '/home/rhody/box_bot/src/dfrobot_dc_motor_hardware/install/dfrobot_dc_motor_hardware/lib/pkgconfig/dfrobot_dc_motor_hardware.pc'
[25.116s] Level 1:colcon.colcon_core.environment:checking '/home/rhody/box_bot/src/dfrobot_dc_motor_hardware/install/dfrobot_dc_motor_hardware/lib/python3.12/site-packages'
[25.117s] Level 1:colcon.colcon_core.environment:checking '/home/rhody/box_bot/src/dfrobot_dc_motor_hardware/install/dfrobot_dc_motor_hardware/bin'
[25.118s] INFO:colcon.colcon_core.shell:Creating package script '/home/rhody/box_bot/src/dfrobot_dc_motor_hardware/install/dfrobot_dc_motor_hardware/share/dfrobot_dc_motor_hardware/package.ps1'
[25.121s] INFO:colcon.colcon_core.shell:Creating package descriptor '/home/rhody/box_bot/src/dfrobot_dc_motor_hardware/install/dfrobot_dc_motor_hardware/share/dfrobot_dc_motor_hardware/package.dsv'
[25.126s] INFO:colcon.colcon_core.shell:Creating package script '/home/rhody/box_bot/src/dfrobot_dc_motor_hardware/install/dfrobot_dc_motor_hardware/share/dfrobot_dc_motor_hardware/package.sh'
[25.129s] INFO:colcon.colcon_core.shell:Creating package script '/home/rhody/box_bot/src/dfrobot_dc_motor_hardware/install/dfrobot_dc_motor_hardware/share/dfrobot_dc_motor_hardware/package.bash'
[25.132s] INFO:colcon.colcon_core.shell:Creating package script '/home/rhody/box_bot/src/dfrobot_dc_motor_hardware/install/dfrobot_dc_motor_hardware/share/dfrobot_dc_motor_hardware/package.zsh'
[25.135s] Level 1:colcon.colcon_core.environment:create_file_with_runtime_dependencies(/home/rhody/box_bot/src/dfrobot_dc_motor_hardware/install/dfrobot_dc_motor_hardware/share/colcon-core/packages/dfrobot_dc_motor_hardware)
[25.147s] DEBUG:colcon.colcon_parallel_executor.executor.parallel:closing loop
[25.147s] DEBUG:colcon.colcon_parallel_executor.executor.parallel:loop closed
[25.148s] DEBUG:colcon.colcon_parallel_executor.executor.parallel:run_until_complete finished with '2'
[25.149s] DEBUG:colcon.colcon_core.event_reactor:joining thread
[25.172s] INFO:colcon.colcon_core.plugin_system:Skipping extension 'colcon_notification.desktop_notification.notify_send': Could not find 'notify-send'
[25.172s] INFO:colcon.colcon_core.plugin_system:Skipping extension 'colcon_notification.desktop_notification.terminal_notifier': Not used on non-Darwin systems
[25.172s] INFO:colcon.colcon_core.plugin_system:Skipping extension 'colcon_notification.desktop_notification.win32': Not used on non-Windows systems
[25.173s] INFO:colcon.colcon_notification.desktop_notification:Sending desktop notification using 'notify2'
[25.176s] DEBUG:colcon.colcon_notification.desktop_notification.notify2:Failed to initialize notify2: org.freedesktop.DBus.Error.ServiceUnknown: The name org.freedesktop.Notifications was not provided by any .service files
[25.176s] DEBUG:colcon.colcon_core.event_reactor:joined thread
[25.177s] INFO:colcon.colcon_core.shell:Creating prefix script '/home/rhody/box_bot/src/dfrobot_dc_motor_hardware/install/local_setup.ps1'
[25.180s] INFO:colcon.colcon_core.shell:Creating prefix util module '/home/rhody/box_bot/src/dfrobot_dc_motor_hardware/install/_local_setup_util_ps1.py'
[25.185s] INFO:colcon.colcon_core.shell:Creating prefix chain script '/home/rhody/box_bot/src/dfrobot_dc_motor_hardware/install/setup.ps1'
[25.188s] INFO:colcon.colcon_core.shell:Creating prefix script '/home/rhody/box_bot/src/dfrobot_dc_motor_hardware/install/local_setup.sh'
[25.191s] INFO:colcon.colcon_core.shell:Creating prefix util module '/home/rhody/box_bot/src/dfrobot_dc_motor_hardware/install/_local_setup_util_sh.py'
[25.194s] INFO:colcon.colcon_core.shell:Creating prefix chain script '/home/rhody/box_bot/src/dfrobot_dc_motor_hardware/install/setup.sh'
[25.197s] INFO:colcon.colcon_core.shell:Creating prefix script '/home/rhody/box_bot/src/dfrobot_dc_motor_hardware/install/local_setup.bash'
[25.199s] INFO:colcon.colcon_core.shell:Creating prefix chain script '/home/rhody/box_bot/src/dfrobot_dc_motor_hardware/install/setup.bash'
[25.202s] INFO:colcon.colcon_core.shell:Creating prefix script '/home/rhody/box_bot/src/dfrobot_dc_motor_hardware/install/local_setup.zsh'
[25.205s] INFO:colcon.colcon_core.shell:Creating prefix chain script '/home/rhody/box_bot/src/dfrobot_dc_motor_hardware/install/setup.zsh'
